INFO:  latexindent.exe version 3.17.2, 2022-04-14, a script to indent .tex files
       latexindent.exe lives here: C:/texlive/2022/bin/win32/
       Wed Dec 28 03:14:24 2022
       Filename: f:\Github_repos\Counting-shells\Tex\hfdst2.tex
INFO:  Processing switches:
INFO:  Directory for backup files and indent.log:
       f:\Github_repos\Counting-shells\Tex
INFO:  YAML settings read: defaultSettings.yaml
       Reading defaultSettings.yaml from C:/texlive/2022/bin/win32/defaultSettings.yaml
       Reading defaultSettings.yaml (2nd attempt) from C:/texlive/2022/bin/win32/../../texmf-dist/scripts/latexindent/defaultSettings.yaml
       and then, if necessary, C:/texlive/2022/bin/win32/LatexIndent/defaultSettings.yaml
INFO:  YAML settings read: indentconfig.yaml or .indentconfig.yaml
       Home directory is C:\Users\tijse (didn't find either indentconfig.yaml or .indentconfig.yaml)
       To specify user settings you would put indentconfig.yaml here: C:\Users\tijse/indentconfig.yaml
       Alternatively, you can use the hidden file .indentconfig.yaml as: C:\Users\tijse/.indentconfig.yaml
INFO:  Phase 1: searching for objects
INFO:  Phase 2: finding surrounding indentation
INFO:  Phase 3: indenting objects
INFO:  Phase 4: final indentation check
INFO:  Output routine:
       Not outputting to file; see -w and -o switches for more options.
       --------------
INFO:  Please direct all communication/issues to:
        https://github.com/cmhughes/latexindent.pl
